<?xml version="1.0" encoding="UTF-8"?>
<!-- Generated by org.testng.reporters.JUnitReportReporter -->
<testsuite hostname="ZCHD-CQR-UTKARSH-SHWETAM" failures="0" tests="1" name="Apitesting.sampleproject.TestCases" time="1.886" errors="0" timestamp="25 May 2022 10:44:56 GMT" skipped="0">
  <testcase classname="Apitesting.sampleproject.TestCases" name="testLoginUserUnsuccessfull" time="1.886"/>
</testsuite> <!-- Apitesting.sampleproject.TestCases -->
