<?xml version="1.0" encoding="UTF-8"?>
<!-- Generated by org.testng.reporters.JUnitReportReporter -->
<testsuite hostname="ZCHD-CQR-UTKARSH-SHWETAM" failures="0" tests="7" name="Apitesting.sampleproject.TestCases" time="5.674" errors="0" timestamp="26 May 2022 09:15:16 GMT" skipped="0">
  <testcase classname="Apitesting.sampleproject.TestCases" name="testLoginUser" time="0.546"/>
  <testcase classname="Apitesting.sampleproject.TestCases" name="testLoginUserUnsuccessfull" time="0.556"/>
  <testcase classname="Apitesting.sampleproject.TestCases" name="testFetchUser" time="0.598"/>
  <testcase classname="Apitesting.sampleproject.TestCases" name="testCreateUser" time="2.261"/>
  <testcase classname="Apitesting.sampleproject.TestCases" name="testGetListSingleUser" time="0.555"/>
  <testcase classname="Apitesting.sampleproject.TestCases" name="testRegisterUser" time="0.548"/>
  <testcase classname="Apitesting.sampleproject.TestCases" name="testGetListResourceUser" time="0.610"/>
</testsuite> <!-- Apitesting.sampleproject.TestCases -->
